<?xml version="1.0" encoding="UTF-8"?>
<testsuite name="tests.UnitTestTest" tests="1" skipped="0" failures="0" errors="0" timestamp="2016-10-29T15:40:05" hostname="DESKTOP-39PC19L" time="0.029">
  <properties/>
  <testcase name="test" classname="tests.UnitTestTest" time="0.029"/>
  <system-out><![CDATA[--------
O X O 
X O X 
O X O 
Make Board Successfull! :) 
Make Move On Board Successfull! :) 
Board full Successfull! :) 
Horizontal check Successfull! :) 
Vertical check Successfull! :) 
Diagonal check Successfull! :) 
Tile check Successfull! :) 
Make move Successfull! :) 
Player move Successfull! 

--------
O X O 
X O X 
O X O 
]]></system-out>
  <system-err><![CDATA[]]></system-err>
</testsuite>
